app/build/intermediates/manifest_merge_blame_file/debug/processDebugMainManifest/manifest-merger-blame-debug-report.txt
1<?xml version="1.0" encoding="utf-8"?>
2<manifest xmlns:android="http://schemas.android.com/apk/res/android"
3    package="com.josemaria.agridoc"
4    android:versionCode="1"
5    android:versionName="1.0" >
6
7    <uses-sdk
8        android:minSdkVersion="26"
9        android:targetSdkVersion="35" />
10
11    <uses-permission android:name="android.permission.CAMERA" />
11-->src\main\AndroidManifest.xml:5:5-65
11-->src\main\AndroidManifest.xml:5:22-62
12
13    <uses-feature android:name="android.hardware.camera" />
13-->src\main\AndroidManifest.xml:6:5-60
13-->src\main\AndroidManifest.xml:6:19-57
14
15    <uses-permission android:name="android.permission.INTERNET" />
15-->[com.google.firebase:firebase-auth:23.1.0] AndroidManifest.xml:25:5-67
15-->[com.google.firebase:firebase-auth:23.1.0] AndroidManifest.xml:25:22-64
16    <uses-permission android:name="android.permission.ACCESS_NETWORK_STATE" />
16-->[com.google.firebase:firebase-auth:23.1.0] AndroidManifest.xml:26:5-79
16-->[com.google.firebase:firebase-auth:23.1.0] AndroidManifest.xml:26:22-76
17    <uses-permission android:name="com.google.android.providers.gsf.permission.READ_GSERVICES" />
17-->[com.google.android.recaptcha:recaptcha:18.5.1] AndroidManifest.xml:9:5-98
17-->[com.google.android.recaptcha:recaptcha:18.5.1] AndroidManifest.xml:9:22-95
18
19    <permission
19-->[androidx.core:core:1.13.1] AndroidManifest.xml:22:5-24:47
20        android:name="com.josemaria.agridoc.DYNAMIC_RECEIVER_NOT_EXPORTED_PERMISSION"
20-->[androidx.core:core:1.13.1] AndroidManifest.xml:23:9-81
21        android:protectionLevel="signature" />
21-->[androidx.core:core:1.13.1] AndroidManifest.xml:24:9-44
22
23    <uses-permission android:name="com.josemaria.agridoc.DYNAMIC_RECEIVER_NOT_EXPORTED_PERMISSION" />
23-->[androidx.core:core:1.13.1] AndroidManifest.xml:26:5-97
23-->[androidx.core:core:1.13.1] AndroidManifest.xml:26:22-94
24
25    <application
25-->src\main\AndroidManifest.xml:8:5-28:19
26        android:allowBackup="true"
26-->src\main\AndroidManifest.xml:9:9-35
27        android:appComponentFactory="androidx.core.app.CoreComponentFactory"
27-->[androidx.core:core:1.13.1] AndroidManifest.xml:28:18-86
28        android:dataExtractionRules="@xml/data_extraction_rules"
28-->src\main\AndroidManifest.xml:10:9-65
29        android:debuggable="true"
30        android:extractNativeLibs="false"
31        android:fullBackupContent="@xml/backup_rules"
31-->src\main\AndroidManifest.xml:11:9-54
32        android:icon="@mipmap/ic_launcher"
32-->src\main\AndroidManifest.xml:12:9-43
33        android:label="@string/app_name"
33-->src\main\AndroidManifest.xml:13:9-41
34        android:roundIcon="@mipmap/ic_launcher_round"
34-->src\main\AndroidManifest.xml:14:9-54
35        android:supportsRtl="true"
35-->src\main\AndroidManifest.xml:15:9-35
36        android:testOnly="true"
37        android:theme="@style/Theme.AgriDoc" >
37-->src\main\AndroidManifest.xml:16:9-45
38        <activity
38-->src\main\AndroidManifest.xml:17:9-27:20
39            android:name="com.josemaria.agridoc.MainActivity"
39-->src\main\AndroidManifest.xml:18:13-41
40            android:exported="true"
40-->src\main\AndroidManifest.xml:19:13-36
41            android:label="@string/app_name"
41-->src\main\AndroidManifest.xml:20:13-45
42            android:theme="@style/Theme.AgriDoc" >
42-->src\main\AndroidManifest.xml:21:13-49
43            <intent-filter>
43-->src\main\AndroidManifest.xml:22:13-26:29
44                <action android:name="android.intent.action.MAIN" />
44-->src\main\AndroidManifest.xml:23:17-69
44-->src\main\AndroidManifest.xml:23:25-66
45
46                <category android:name="android.intent.category.LAUNCHER" />
46-->src\main\AndroidManifest.xml:25:17-77
46-->src\main\AndroidManifest.xml:25:27-74
47            </intent-filter>
48        </activity>
49        <activity
49-->[androidx.compose.ui:ui-tooling-android:1.7.5] AndroidManifest.xml:23:9-25:39
50            android:name="androidx.compose.ui.tooling.PreviewActivity"
50-->[androidx.compose.ui:ui-tooling-android:1.7.5] AndroidManifest.xml:24:13-71
51            android:exported="true" />
51-->[androidx.compose.ui:ui-tooling-android:1.7.5] AndroidManifest.xml:25:13-36
52        <activity
52-->[androidx.compose.ui:ui-test-manifest:1.7.5] AndroidManifest.xml:23:9-25:39
53            android:name="androidx.activity.ComponentActivity"
53-->[androidx.compose.ui:ui-test-manifest:1.7.5] AndroidManifest.xml:24:13-63
54            android:exported="true" />
54-->[androidx.compose.ui:ui-test-manifest:1.7.5] AndroidManifest.xml:25:13-36
55
56        <service
56-->[androidx.camera:camera-camera2:1.4.2] AndroidManifest.xml:24:9-33:19
57            android:name="androidx.camera.core.impl.MetadataHolderService"
57-->[androidx.camera:camera-camera2:1.4.2] AndroidManifest.xml:25:13-75
58            android:enabled="false"
58-->[androidx.camera:camera-camera2:1.4.2] AndroidManifest.xml:26:13-36
59            android:exported="false" >
59-->[androidx.camera:camera-camera2:1.4.2] AndroidManifest.xml:27:13-37
60            <meta-data
60-->[androidx.camera:camera-camera2:1.4.2] AndroidManifest.xml:30:13-32:89
61                android:name="androidx.camera.core.impl.MetadataHolderService.DEFAULT_CONFIG_PROVIDER"
61-->[androidx.camera:camera-camera2:1.4.2] AndroidManifest.xml:31:17-103
62                android:value="androidx.camera.camera2.Camera2Config$DefaultProvider" />
62-->[androidx.camera:camera-camera2:1.4.2] AndroidManifest.xml:32:17-86
63        </service>
64
65        <activity
65-->[com.google.firebase:firebase-auth:23.1.0] AndroidManifest.xml:29:9-46:20
66            android:name="com.google.firebase.auth.internal.GenericIdpActivity"
66-->[com.google.firebase:firebase-auth:23.1.0] AndroidManifest.xml:30:13-80
67            android:excludeFromRecents="true"
67-->[com.google.firebase:firebase-auth:23.1.0] AndroidManifest.xml:31:13-46
68            android:exported="true"
68-->[com.google.firebase:firebase-auth:23.1.0] AndroidManifest.xml:32:13-36
69            android:launchMode="singleTask"
69-->[com.google.firebase:firebase-auth:23.1.0] AndroidManifest.xml:33:13-44
70            android:theme="@android:style/Theme.Translucent.NoTitleBar" >
70-->[com.google.firebase:firebase-auth:23.1.0] AndroidManifest.xml:34:13-72
71            <intent-filter>
71-->[com.google.firebase:firebase-auth:23.1.0] AndroidManifest.xml:35:13-45:29
72                <action android:name="android.intent.action.VIEW" />
72-->[com.google.firebase:firebase-auth:23.1.0] AndroidManifest.xml:36:17-69
72-->[com.google.firebase:firebase-auth:23.1.0] AndroidManifest.xml:36:25-66
73
74                <category android:name="android.intent.category.DEFAULT" />
74-->[com.google.firebase:firebase-auth:23.1.0] AndroidManifest.xml:38:17-76
74-->[com.google.firebase:firebase-auth:23.1.0] AndroidManifest.xml:38:27-73
75                <category android:name="android.intent.category.BROWSABLE" />
75-->[com.google.firebase:firebase-auth:23.1.0] AndroidManifest.xml:39:17-78
75-->[com.google.firebase:firebase-auth:23.1.0] AndroidManifest.xml:39:27-75
76
77                <data
77-->[com.google.firebase:firebase-auth:23.1.0] AndroidManifest.xml:41:17-44:51
78                    android:host="firebase.auth"
78-->[com.google.firebase:firebase-auth:23.1.0] AndroidManifest.xml:42:21-49
79                    android:path="/"
79-->[com.google.firebase:firebase-auth:23.1.0] AndroidManifest.xml:43:21-37
80                    android:scheme="genericidp" />
80-->[com.google.firebase:firebase-auth:23.1.0] AndroidManifest.xml:44:21-48
81            </intent-filter>
82        </activity>
83        <activity
83-->[com.google.firebase:firebase-auth:23.1.0] AndroidManifest.xml:47:9-64:20
84            android:name="com.google.firebase.auth.internal.RecaptchaActivity"
84-->[com.google.firebase:firebase-auth:23.1.0] AndroidManifest.xml:48:13-79
85            android:excludeFromRecents="true"
85-->[com.google.firebase:firebase-auth:23.1.0] AndroidManifest.xml:49:13-46
86            android:exported="true"
86-->[com.google.firebase:firebase-auth:23.1.0] AndroidManifest.xml:50:13-36
87            android:launchMode="singleTask"
87-->[com.google.firebase:firebase-auth:23.1.0] AndroidManifest.xml:51:13-44
88            android:theme="@android:style/Theme.Translucent.NoTitleBar" >
88-->[com.google.firebase:firebase-auth:23.1.0] AndroidManifest.xml:52:13-72
89            <intent-filter>
89-->[com.google.firebase:firebase-auth:23.1.0] AndroidManifest.xml:53:13-63:29
90                <action android:name="android.intent.action.VIEW" />
90-->[com.google.firebase:firebase-auth:23.1.0] AndroidManifest.xml:36:17-69
90-->[com.google.firebase:firebase-auth:23.1.0] AndroidManifest.xml:36:25-66
91
92                <category android:name="android.intent.category.DEFAULT" />
92-->[com.google.firebase:firebase-auth:23.1.0] AndroidManifest.xml:38:17-76
92-->[com.google.firebase:firebase-auth:23.1.0] AndroidManifest.xml:38:27-73
93                <category android:name="android.intent.category.BROWSABLE" />
93-->[com.google.firebase:firebase-auth:23.1.0] AndroidManifest.xml:39:17-78
93-->[com.google.firebase:firebase-auth:23.1.0] AndroidManifest.xml:39:27-75
94
95                <data
95-->[com.google.firebase:firebase-auth:23.1.0] AndroidManifest.xml:41:17-44:51
96                    android:host="firebase.auth"
96-->[com.google.firebase:firebase-auth:23.1.0] AndroidManifest.xml:42:21-49
97                    android:path="/"
97-->[com.google.firebase:firebase-auth:23.1.0] AndroidManifest.xml:43:21-37
98                    android:scheme="recaptcha" />
98-->[com.google.firebase:firebase-auth:23.1.0] AndroidManifest.xml:44:21-48
99            </intent-filter>
100        </activity>
101
102        <service
102-->[com.google.firebase:firebase-auth:23.1.0] AndroidManifest.xml:66:9-72:19
103            android:name="com.google.firebase.components.ComponentDiscoveryService"
103-->[com.google.firebase:firebase-auth:23.1.0] AndroidManifest.xml:67:13-84
104            android:directBootAware="true"
104-->[com.google.firebase:firebase-common:21.0.0] AndroidManifest.xml:32:13-43
105            android:exported="false" >
105-->[com.google.firebase:firebase-auth:23.1.0] AndroidManifest.xml:68:13-37
106            <meta-data
106-->[com.google.firebase:firebase-auth:23.1.0] AndroidManifest.xml:69:13-71:85
107                android:name="com.google.firebase.components:com.google.firebase.auth.FirebaseAuthRegistrar"
107-->[com.google.firebase:firebase-auth:23.1.0] AndroidManifest.xml:70:17-109
108                android:value="com.google.firebase.components.ComponentRegistrar" />
108-->[com.google.firebase:firebase-auth:23.1.0] AndroidManifest.xml:71:17-82
109            <meta-data
109-->[com.google.firebase:firebase-database:21.0.0] AndroidManifest.xml:29:13-31:85
110                android:name="com.google.firebase.components:com.google.firebase.database.FirebaseDatabaseKtxRegistrar"
110-->[com.google.firebase:firebase-database:21.0.0] AndroidManifest.xml:30:17-120
111                android:value="com.google.firebase.components.ComponentRegistrar" />
111-->[com.google.firebase:firebase-database:21.0.0] AndroidManifest.xml:31:17-82
112            <meta-data
112-->[com.google.firebase:firebase-database:21.0.0] AndroidManifest.xml:32:13-34:85
113                android:name="com.google.firebase.components:com.google.firebase.database.DatabaseRegistrar"
113-->[com.google.firebase:firebase-database:21.0.0] AndroidManifest.xml:33:17-109
114                android:value="com.google.firebase.components.ComponentRegistrar" />
114-->[com.google.firebase:firebase-database:21.0.0] AndroidManifest.xml:34:17-82
115            <meta-data
115-->[com.google.firebase:firebase-common-ktx:21.0.0] AndroidManifest.xml:12:13-14:85
116                android:name="com.google.firebase.components:com.google.firebase.ktx.FirebaseCommonLegacyRegistrar"
116-->[com.google.firebase:firebase-common-ktx:21.0.0] AndroidManifest.xml:13:17-116
117                android:value="com.google.firebase.components.ComponentRegistrar" />
117-->[com.google.firebase:firebase-common-ktx:21.0.0] AndroidManifest.xml:14:17-82
118            <meta-data
118-->[com.google.firebase:firebase-common:21.0.0] AndroidManifest.xml:35:13-37:85
119                android:name="com.google.firebase.components:com.google.firebase.FirebaseCommonKtxRegistrar"
119-->[com.google.firebase:firebase-common:21.0.0] AndroidManifest.xml:36:17-109
120                android:value="com.google.firebase.components.ComponentRegistrar" />
120-->[com.google.firebase:firebase-common:21.0.0] AndroidManifest.xml:37:17-82
121        </service>
122        <service
122-->[androidx.credentials:credentials-play-services-auth:1.2.0-rc01] AndroidManifest.xml:24:9-32:19
123            android:name="androidx.credentials.playservices.CredentialProviderMetadataHolder"
123-->[androidx.credentials:credentials-play-services-auth:1.2.0-rc01] AndroidManifest.xml:25:13-94
124            android:enabled="true"
124-->[androidx.credentials:credentials-play-services-auth:1.2.0-rc01] AndroidManifest.xml:26:13-35
125            android:exported="false" >
125-->[androidx.credentials:credentials-play-services-auth:1.2.0-rc01] AndroidManifest.xml:27:13-37
126            <meta-data
126-->[androidx.credentials:credentials-play-services-auth:1.2.0-rc01] AndroidManifest.xml:29:13-31:104
127                android:name="androidx.credentials.CREDENTIAL_PROVIDER_KEY"
127-->[androidx.credentials:credentials-play-services-auth:1.2.0-rc01] AndroidManifest.xml:30:17-76
128                android:value="androidx.credentials.playservices.CredentialProviderPlayServicesImpl" />
128-->[androidx.credentials:credentials-play-services-auth:1.2.0-rc01] AndroidManifest.xml:31:17-101
129        </service>
130
131        <activity
131-->[androidx.credentials:credentials-play-services-auth:1.2.0-rc01] AndroidManifest.xml:34:9-41:20
132            android:name="androidx.credentials.playservices.HiddenActivity"
132-->[androidx.credentials:credentials-play-services-auth:1.2.0-rc01] AndroidManifest.xml:35:13-76
133            android:configChanges="orientation|screenSize|screenLayout|keyboardHidden"
133-->[androidx.credentials:credentials-play-services-auth:1.2.0-rc01] AndroidManifest.xml:36:13-87
134            android:enabled="true"
134-->[androidx.credentials:credentials-play-services-auth:1.2.0-rc01] AndroidManifest.xml:37:13-35
135            android:exported="false"
135-->[androidx.credentials:credentials-play-services-auth:1.2.0-rc01] AndroidManifest.xml:38:13-37
136            android:fitsSystemWindows="true"
136-->[androidx.credentials:credentials-play-services-auth:1.2.0-rc01] AndroidManifest.xml:39:13-45
137            android:theme="@style/Theme.Hidden" >
137-->[androidx.credentials:credentials-play-services-auth:1.2.0-rc01] AndroidManifest.xml:40:13-48
138        </activity>
139        <activity
139-->[com.google.android.gms:play-services-auth:20.7.0] AndroidManifest.xml:23:9-27:75
140            android:name="com.google.android.gms.auth.api.signin.internal.SignInHubActivity"
140-->[com.google.android.gms:play-services-auth:20.7.0] AndroidManifest.xml:24:13-93
141            android:excludeFromRecents="true"
141-->[com.google.android.gms:play-services-auth:20.7.0] AndroidManifest.xml:25:13-46
142            android:exported="false"
142-->[com.google.android.gms:play-services-auth:20.7.0] AndroidManifest.xml:26:13-37
143            android:theme="@android:style/Theme.Translucent.NoTitleBar" />
143-->[com.google.android.gms:play-services-auth:20.7.0] AndroidManifest.xml:27:13-72
144        <!--
145            Service handling Google Sign-In user revocation. For apps that do not integrate with
146            Google Sign-In, this service will never be started.
147        -->
148        <service
148-->[com.google.android.gms:play-services-auth:20.7.0] AndroidManifest.xml:33:9-37:51
149            android:name="com.google.android.gms.auth.api.signin.RevocationBoundService"
149-->[com.google.android.gms:play-services-auth:20.7.0] AndroidManifest.xml:34:13-89
150            android:exported="true"
150-->[com.google.android.gms:play-services-auth:20.7.0] AndroidManifest.xml:35:13-36
151            android:permission="com.google.android.gms.auth.api.signin.permission.REVOCATION_NOTIFICATION"
151-->[com.google.android.gms:play-services-auth:20.7.0] AndroidManifest.xml:36:13-107
152            android:visibleToInstantApps="true" />
152-->[com.google.android.gms:play-services-auth:20.7.0] AndroidManifest.xml:37:13-48
153
154        <provider
154-->[com.google.firebase:firebase-common:21.0.0] AndroidManifest.xml:23:9-28:39
155            android:name="com.google.firebase.provider.FirebaseInitProvider"
155-->[com.google.firebase:firebase-common:21.0.0] AndroidManifest.xml:24:13-77
156            android:authorities="com.josemaria.agridoc.firebaseinitprovider"
156-->[com.google.firebase:firebase-common:21.0.0] AndroidManifest.xml:25:13-72
157            android:directBootAware="true"
157-->[com.google.firebase:firebase-common:21.0.0] AndroidManifest.xml:26:13-43
158            android:exported="false"
158-->[com.google.firebase:firebase-common:21.0.0] AndroidManifest.xml:27:13-37
159            android:initOrder="100" />
159-->[com.google.firebase:firebase-common:21.0.0] AndroidManifest.xml:28:13-36
160
161        <activity
161-->[com.google.android.gms:play-services-base:18.1.0] AndroidManifest.xml:20:9-22:45
162            android:name="com.google.android.gms.common.api.GoogleApiActivity"
162-->[com.google.android.gms:play-services-base:18.1.0] AndroidManifest.xml:20:19-85
163            android:exported="false"
163-->[com.google.android.gms:play-services-base:18.1.0] AndroidManifest.xml:22:19-43
164            android:theme="@android:style/Theme.Translucent.NoTitleBar" />
164-->[com.google.android.gms:play-services-base:18.1.0] AndroidManifest.xml:21:19-78
165
166        <provider
166-->[androidx.emoji2:emoji2:1.3.0] AndroidManifest.xml:24:9-32:20
167            android:name="androidx.startup.InitializationProvider"
167-->[androidx.emoji2:emoji2:1.3.0] AndroidManifest.xml:25:13-67
168            android:authorities="com.josemaria.agridoc.androidx-startup"
168-->[androidx.emoji2:emoji2:1.3.0] AndroidManifest.xml:26:13-68
169            android:exported="false" >
169-->[androidx.emoji2:emoji2:1.3.0] AndroidManifest.xml:27:13-37
170            <meta-data
170-->[androidx.emoji2:emoji2:1.3.0] AndroidManifest.xml:29:13-31:52
171                android:name="androidx.emoji2.text.EmojiCompatInitializer"
171-->[androidx.emoji2:emoji2:1.3.0] AndroidManifest.xml:30:17-75
172                android:value="androidx.startup" />
172-->[androidx.emoji2:emoji2:1.3.0] AndroidManifest.xml:31:17-49
173            <meta-data
173-->[androidx.lifecycle:lifecycle-process:2.8.6] AndroidManifest.xml:29:13-31:52
174                android:name="androidx.lifecycle.ProcessLifecycleInitializer"
174-->[androidx.lifecycle:lifecycle-process:2.8.6] AndroidManifest.xml:30:17-78
175                android:value="androidx.startup" />
175-->[androidx.lifecycle:lifecycle-process:2.8.6] AndroidManifest.xml:31:17-49
176            <meta-data
176-->[androidx.profileinstaller:profileinstaller:1.3.1] AndroidManifest.xml:29:13-31:52
177                android:name="androidx.profileinstaller.ProfileInstallerInitializer"
177-->[androidx.profileinstaller:profileinstaller:1.3.1] AndroidManifest.xml:30:17-85
178                android:value="androidx.startup" />
178-->[androidx.profileinstaller:profileinstaller:1.3.1] AndroidManifest.xml:31:17-49
179        </provider>
180
181        <meta-data
181-->[com.google.android.gms:play-services-basement:18.4.0] AndroidManifest.xml:6:9-122
182            android:name="com.google.android.gms.version"
182-->[com.google.android.gms:play-services-basement:18.4.0] AndroidManifest.xml:6:20-65
183            android:value="@integer/google_play_services_version" />
183-->[com.google.android.gms:play-services-basement:18.4.0] AndroidManifest.xml:6:66-119
184
185        <receiver
185-->[androidx.profileinstaller:profileinstaller:1.3.1] AndroidManifest.xml:34:9-52:20
186            android:name="androidx.profileinstaller.ProfileInstallReceiver"
186-->[androidx.profileinstaller:profileinstaller:1.3.1] AndroidManifest.xml:35:13-76
187            android:directBootAware="false"
187-->[androidx.profileinstaller:profileinstaller:1.3.1] AndroidManifest.xml:36:13-44
188            android:enabled="true"
188-->[androidx.profileinstaller:profileinstaller:1.3.1] AndroidManifest.xml:37:13-35
189            android:exported="true"
189-->[androidx.profileinstaller:profileinstaller:1.3.1] AndroidManifest.xml:38:13-36
190            android:permission="android.permission.DUMP" >
190-->[androidx.profileinstaller:profileinstaller:1.3.1] AndroidManifest.xml:39:13-57
191            <intent-filter>
191-->[androidx.profileinstaller:profileinstaller:1.3.1] AndroidManifest.xml:40:13-42:29
192                <action android:name="androidx.profileinstaller.action.INSTALL_PROFILE" />
192-->[androidx.profileinstaller:profileinstaller:1.3.1] AndroidManifest.xml:41:17-91
192-->[androidx.profileinstaller:profileinstaller:1.3.1] AndroidManifest.xml:41:25-88
193            </intent-filter>
194            <intent-filter>
194-->[androidx.profileinstaller:profileinstaller:1.3.1] AndroidManifest.xml:43:13-45:29
195                <action android:name="androidx.profileinstaller.action.SKIP_FILE" />
195-->[androidx.profileinstaller:profileinstaller:1.3.1] AndroidManifest.xml:44:17-85
195-->[androidx.profileinstaller:profileinstaller:1.3.1] AndroidManifest.xml:44:25-82
196            </intent-filter>
197            <intent-filter>
197-->[androidx.profileinstaller:profileinstaller:1.3.1] AndroidManifest.xml:46:13-48:29
198                <action android:name="androidx.profileinstaller.action.SAVE_PROFILE" />
198-->[androidx.profileinstaller:profileinstaller:1.3.1] AndroidManifest.xml:47:17-88
198-->[androidx.profileinstaller:profileinstaller:1.3.1] AndroidManifest.xml:47:25-85
199            </intent-filter>
200            <intent-filter>
200-->[androidx.profileinstaller:profileinstaller:1.3.1] AndroidManifest.xml:49:13-51:29
201                <action android:name="androidx.profileinstaller.action.BENCHMARK_OPERATION" />
201-->[androidx.profileinstaller:profileinstaller:1.3.1] AndroidManifest.xml:50:17-95
201-->[androidx.profileinstaller:profileinstaller:1.3.1] AndroidManifest.xml:50:25-92
202            </intent-filter>
203        </receiver> <!-- The activities will be merged into the manifest of the hosting app. -->
204        <activity
204-->[com.google.android.play:core-common:2.0.3] AndroidManifest.xml:14:9-18:65
205            android:name="com.google.android.play.core.common.PlayCoreDialogWrapperActivity"
205-->[com.google.android.play:core-common:2.0.3] AndroidManifest.xml:15:13-93
206            android:exported="false"
206-->[com.google.android.play:core-common:2.0.3] AndroidManifest.xml:16:13-37
207            android:stateNotNeeded="true"
207-->[com.google.android.play:core-common:2.0.3] AndroidManifest.xml:17:13-42
208            android:theme="@style/Theme.PlayCore.Transparent" />
208-->[com.google.android.play:core-common:2.0.3] AndroidManifest.xml:18:13-62
209    </application>
210
211</manifest>